<?xml version="1.0" encoding="UTF-8"?>
<testng-results ignored="0" total="1" passed="1" failed="0" skipped="0">
  <reporter-output>
  </reporter-output>
  <suite started-at="2022-09-08T10:20:55 EDT" name="Default suite" finished-at="2022-09-08T10:21:09 EDT" duration-ms="14042">
    <groups>
    </groups>
    <test started-at="2022-09-08T10:20:55 EDT" name="Default test" finished-at="2022-09-08T10:21:09 EDT" duration-ms="14042">
      <class name="selenium.Browser">
        <test-method signature="googlesearch()[pri:0, instance:selenium.Browser@313ac989]" started-at="2022-09-08T10:20:55 EDT" name="googlesearch" finished-at="2022-09-08T10:21:06 EDT" duration-ms="11439" status="PASS">
          <reporter-output>
          </reporter-output>
        </test-method> <!-- googlesearch -->
        <test-method is-config="true" signature="teardown()[pri:0, instance:selenium.Browser@313ac989]" started-at="2022-09-08T10:21:06 EDT" name="teardown" finished-at="2022-09-08T10:21:09 EDT" duration-ms="2552" status="PASS">
          <reporter-output>
          </reporter-output>
        </test-method> <!-- teardown -->
      </class> <!-- selenium.Browser -->
    </test> <!-- Default test -->
  </suite> <!-- Default suite -->
</testng-results>
